RUN	com.gatling.tests.api.PostPutDeleteAPIDemo	postputdeleteapidemo	1707740520569	Demo 8	3.6.1
USER	Update User	START	1707740522040
USER	Delete Users	START	1707740522041
USER	Create User	START	1707740522039
REQUEST		Delete user request	1707740522064	1707740522492	OK	 
USER	Update User	START	1707740522542
USER	Create User	START	1707740522542
USER	Delete Users	START	1707740522542
REQUEST		Update User request	1707740522064	1707740522633	OK	 
REQUEST		Create user request	1707740522064	1707740522703	OK	 
USER	Create User	START	1707740523036
USER	Update User	START	1707740523036
USER	Delete Users	START	1707740523036
REQUEST		Delete user request	1707740522543	1707740523069	OK	 
REQUEST		Update User request	1707740522543	1707740523069	OK	 
REQUEST		Create user request	1707740522543	1707740523069	OK	 
USER	Delete Users	END	1707740523522
USER	Update User	START	1707740523534
USER	Create User	START	1707740523534
REQUEST		Delete user request	1707740523036	1707740523547	OK	 
REQUEST		Update User request	1707740523036	1707740523547	OK	 
REQUEST		Create user request	1707740523036	1707740523632	OK	 
USER	Update User	END	1707740523675
USER	Create User	END	1707740523721
REQUEST		Update User request	1707740523534	1707740524028	OK	 
USER	Update User	START	1707740524031
REQUEST		Create user request	1707740523534	1707740524042	OK	 
USER	Create User	START	1707740524048
USER	Create User	END	1707740524079
USER	Update User	END	1707740524079
USER	Delete Users	END	1707740524080
REQUEST		Create user request	1707740524048	1707740524489	OK	 
USER	Create User	START	1707740524530
REQUEST		Update User request	1707740524032	1707740524543	OK	 
USER	Update User	END	1707740524561
USER	Delete Users	END	1707740524561
USER	Create User	END	1707740524639
USER	Update User	END	1707740525040
USER	Create User	START	1707740525039
USER	Create User	END	1707740525055
REQUEST		Create user request	1707740524531	1707740525157	OK	 
USER	Create User	END	1707740525505
USER	Create User	START	1707740525534
USER	Update User	END	1707740525550
REQUEST		Create user request	1707740525040	1707740525594	OK	 
USER	Create User	START	1707740526050
REQUEST		Create user request	1707740525535	1707740526078	OK	 
USER	Create User	END	1707740526173
REQUEST		Create user request	1707740526050	1707740526540	OK	 
USER	Create User	START	1707740526544
USER	Create User	END	1707740526604
REQUEST		Create user request	1707740526545	1707740526984	OK	 
USER	Create User	END	1707740527087
USER	Create User	END	1707740527557
USER	Create User	END	1707740527991
