RUN	com.gatling.tests.SearchAndEditComputer	searchandeditcomputer	1707731083105	Search and edit with ramp up and user roles	3.6.1
USER	Admins	START	1707731084568
USER	Users	START	1707731084567
REQUEST		Home Page	1707731084590	1707731085193	OK	 
REQUEST		Home Page	1707731084590	1707731085194	OK	 
USER	Users	START	1707731085570
REQUEST		Home Page	1707731085570	1707731086163	OK	 
USER	Users	START	1707731086569
USER	Admins	START	1707731086569
REQUEST		Home Page	1707731086570	1707731087193	OK	 
REQUEST		Home Page	1707731086570	1707731087197	OK	 
USER	Users	START	1707731087563
REQUEST		Home Page	1707731087564	1707731088160	OK	 
USER	Users	START	1707731088557
REQUEST		Home Page	1707731088558	1707731089195	OK	 
USER	Admins	START	1707731089563
USER	Users	START	1707731089563
REQUEST		Home Page	1707731089564	1707731090154	OK	 
REQUEST		Home Page	1707731089564	1707731090336	OK	 
USER	Users	START	1707731090559
REQUEST		Home Page	1707731090559	1707731091230	OK	 
USER	Users	START	1707731091566
USER	Admins	START	1707731091566
REQUEST		Home Page	1707731091566	1707731092148	OK	 
REQUEST		Home Page	1707731091566	1707731092148	OK	 
USER	Users	START	1707731092559
REQUEST		Home Page	1707731092560	1707731093165	OK	 
USER	Users	START	1707731093567
REQUEST		Home Page	1707731093568	1707731094175	OK	 
REQUEST		Search	1707731098295	1707731098486	OK	 
REQUEST		Search	1707731098295	1707731098486	OK	 
REQUEST		Search	1707731099177	1707731099375	OK	 
REQUEST		Search	1707731100201	1707731100406	OK	 
REQUEST		Search	1707731100201	1707731100406	OK	 
REQUEST		Search	1707731101167	1707731101361	OK	 
REQUEST		Search	1707731102208	1707731102423	OK	 
REQUEST		Select	1707731102501	1707731102692	OK	 
REQUEST		Select	1707731102501	1707731102693	OK	 
REQUEST		Search	1707731103168	1707731103359	OK	 
REQUEST		Search	1707731103341	1707731103523	OK	 
REQUEST		Select	1707731103388	1707731103584	OK	 
REQUEST		Search	1707731104245	1707731104458	OK	 
REQUEST		Select	1707731104415	1707731104604	OK	 
REQUEST		Select	1707731104415	1707731104604	OK	 
REQUEST		Search	1707731105160	1707731105366	OK	 
REQUEST		Search	1707731105160	1707731105366	OK	 
REQUEST		Select	1707731105377	1707731105598	OK	 
REQUEST		Search	1707731106171	1707731106374	OK	 
REQUEST		Select	1707731106437	1707731106629	OK	 
REQUEST		Search	1707731107181	1707731107369	OK	 
REQUEST		Select	1707731107368	1707731107558	OK	 
REQUEST		Select	1707731107541	1707731107726	OK	 
REQUEST		Select	1707731108474	1707731108663	OK	 
REQUEST		Select	1707731109376	1707731109559	OK	 
REQUEST		Select	1707731109376	1707731109566	OK	 
REQUEST		Select	1707731110389	1707731110578	OK	 
REQUEST		Select	1707731111384	1707731111575	OK	 
USER	Users	END	1707731120705
REQUEST		Edit	1707731120706	1707731120900	OK	 
REQUEST		Edit Redirect 1	1707731120907	1707731121130	OK	 
USER	Admins	END	1707731121131
USER	Users	END	1707731121591
USER	Users	END	1707731122620
REQUEST		Edit	1707731122620	1707731122821	OK	 
REQUEST		Edit Redirect 1	1707731122823	1707731123016	OK	 
USER	Admins	END	1707731123017
USER	Users	END	1707731123614
USER	Users	END	1707731124645
USER	Users	END	1707731125574
REQUEST		Edit	1707731125744	1707731125948	OK	 
REQUEST		Edit Redirect 1	1707731125949	1707731126136	OK	 
USER	Admins	END	1707731126137
USER	Users	END	1707731126676
USER	Users	END	1707731127575
REQUEST		Edit	1707731127574	1707731127772	OK	 
REQUEST		Edit Redirect 1	1707731127773	1707731127980	OK	 
USER	Admins	END	1707731127981
USER	Users	END	1707731128583
USER	Users	END	1707731129589
